This is pdfTeX, Version 3.141592653-2.6-1.40.28 (MiKTeX 25.12) (preloaded format=pdflatex 2026.2.28)  10 MAR 2026 13:35
entering extended mode
 restricted \write18 enabled.
 %&-line parsing enabled.
**./main.tex
(main.tex
LaTeX2e <2025-11-01>
L3 programming layer <2025-12-24>
(finthesis.cls
Document Class: finthesis 2022/08/08 Faculty of Engineering, University of Krag
ujevac thesis class
(C:\Program Files\MiKTeX\tex/latex/base\article.cls
Document Class: article 2025/01/22 v1.4n Standard LaTeX document class
(C:\Program Files\MiKTeX\tex/latex/base\size12.clo
File: size12.clo 2025/01/22 v1.4n Standard LaTeX file (size option)
)
\c@part=\count275
\c@section=\count276
\c@subsection=\count277
\c@subsubsection=\count278
\c@paragraph=\count279
\c@subparagraph=\count280
\c@figure=\count281
\c@table=\count282
\abovecaptionskip=\skip49
\belowcaptionskip=\skip50
\bibindent=\dimen148
)
(C:\Program Files\MiKTeX\tex/latex/geometry\geometry.sty
Package: geometry 2020/01/02 v5.9 Page Geometry

(C:\Program Files\MiKTeX\tex/latex/graphics\keyval.sty
Package: keyval 2022/05/29 v1.15 key=value parser (DPC)
\KV@toks@=\toks17
)
(C:\Program Files\MiKTeX\tex/generic/iftex\ifvtex.sty
Package: ifvtex 2019/10/25 v1.7 ifvtex legacy package. Use iftex instead.

(C:\Program Files\MiKTeX\tex/generic/iftex\iftex.sty
Package: iftex 2024/12/12 v1.0g TeX engine tests
))
\Gm@cnth=\count283
\Gm@cntv=\count284
\c@Gm@tempcnt=\count285
\Gm@bindingoffset=\dimen149
\Gm@wd@mp=\dimen150
\Gm@odd@mp=\dimen151
\Gm@even@mp=\dimen152
\Gm@layoutwidth=\dimen153
\Gm@layoutheight=\dimen154
\Gm@layouthoffset=\dimen155
\Gm@layoutvoffset=\dimen156
\Gm@dimlist=\toks18

(C:\Program Files\MiKTeX\tex/latex/geometry\geometry.cfg))
(C:\Program Files\MiKTeX\tex/latex/base\inputenc.sty
Package: inputenc 2024/02/08 v1.3d Input encoding file
\inpenc@prehook=\toks19
\inpenc@posthook=\toks20
)
(C:\Program Files\MiKTeX\tex/latex/base\fontenc.sty
Package: fontenc 2025/07/18 v2.1d Standard LaTeX package

(C:\Program Files\MiKTeX\tex/latex/cyrillic\t2aenc.def
File: t2aenc.def 2023/11/07 v1.0k Cyrillic encoding definition file
Now handling font encoding T2A ...
... processing UTF-8 mapping file for font encoding T2A

(C:\Program Files\MiKTeX\tex/latex/base\t2aenc.dfu
File: t2aenc.dfu 2022/06/07 v1.3c UTF-8 support
   defining Unicode char U+00A4 (decimal 164)
   defining Unicode char U+00A7 (decimal 167)
   defining Unicode char U+00AB (decimal 171)
   defining Unicode char U+00BB (decimal 187)
   defining Unicode char U+0131 (decimal 305)
   defining Unicode char U+0237 (decimal 567)
   defining Unicode char U+0400 (decimal 1024)
   defining Unicode char U+0401 (decimal 1025)
   defining Unicode char U+0402 (decimal 1026)
   defining Unicode char U+0403 (decimal 1027)
   defining Unicode char U+0404 (decimal 1028)
   defining Unicode char U+0405 (decimal 1029)
   defining Unicode char U+0406 (decimal 1030)
   defining Unicode char U+0407 (decimal 1031)
   defining Unicode char U+0408 (decimal 1032)
   defining Unicode char U+0409 (decimal 1033)
   defining Unicode char U+040A (decimal 1034)
   defining Unicode char U+040B (decimal 1035)
   defining Unicode char U+040C (decimal 1036)
   defining Unicode char U+040D (decimal 1037)
   defining Unicode char U+040E (decimal 1038)
   defining Unicode char U+040F (decimal 1039)
   defining Unicode char U+0410 (decimal 1040)
   defining Unicode char U+0411 (decimal 1041)
   defining Unicode char U+0412 (decimal 1042)
   defining Unicode char U+0413 (decimal 1043)
   defining Unicode char U+0414 (decimal 1044)
   defining Unicode char U+0415 (decimal 1045)
   defining Unicode char U+0416 (decimal 1046)
   defining Unicode char U+0417 (decimal 1047)
   defining Unicode char U+0418 (decimal 1048)
   defining Unicode char U+0419 (decimal 1049)
   defining Unicode char U+041A (decimal 1050)
   defining Unicode char U+041B (decimal 1051)
   defining Unicode char U+041C (decimal 1052)
   defining Unicode char U+041D (decimal 1053)
   defining Unicode char U+041E (decimal 1054)
   defining Unicode char U+041F (decimal 1055)
   defining Unicode char U+0420 (decimal 1056)
   defining Unicode char U+0421 (decimal 1057)
   defining Unicode char U+0422 (decimal 1058)
   defining Unicode char U+0423 (decimal 1059)
   defining Unicode char U+0424 (decimal 1060)
   defining Unicode char U+0425 (decimal 1061)
   defining Unicode char U+0426 (decimal 1062)
   defining Unicode char U+0427 (decimal 1063)
   defining Unicode char U+0428 (decimal 1064)
   defining Unicode char U+0429 (decimal 1065)
   defining Unicode char U+042A (decimal 1066)
   defining Unicode char U+042B (decimal 1067)
   defining Unicode char U+042C (decimal 1068)
   defining Unicode char U+042D (decimal 1069)
   defining Unicode char U+042E (decimal 1070)
   defining Unicode char U+042F (decimal 1071)
   defining Unicode char U+0430 (decimal 1072)
   defining Unicode char U+0431 (decimal 1073)
   defining Unicode char U+0432 (decimal 1074)
   defining Unicode char U+0433 (decimal 1075)
   defining Unicode char U+0434 (decimal 1076)
   defining Unicode char U+0435 (decimal 1077)
   defining Unicode char U+0436 (decimal 1078)
   defining Unicode char U+0437 (decimal 1079)
   defining Unicode char U+0438 (decimal 1080)
   defining Unicode char U+0439 (decimal 1081)
   defining Unicode char U+043A (decimal 1082)
   defining Unicode char U+043B (decimal 1083)
   defining Unicode char U+043C (decimal 1084)
   defining Unicode char U+043D (decimal 1085)
   defining Unicode char U+043E (decimal 1086)
   defining Unicode char U+043F (decimal 1087)
   defining Unicode char U+0440 (decimal 1088)
   defining Unicode char U+0441 (decimal 1089)
   defining Unicode char U+0442 (decimal 1090)
   defining Unicode char U+0443 (decimal 1091)
   defining Unicode char U+0444 (decimal 1092)
   defining Unicode char U+0445 (decimal 1093)
   defining Unicode char U+0446 (decimal 1094)
   defining Unicode char U+0447 (decimal 1095)
   defining Unicode char U+0448 (decimal 1096)
   defining Unicode char U+0449 (decimal 1097)
   defining Unicode char U+044A (decimal 1098)
   defining Unicode char U+044B (decimal 1099)
   defining Unicode char U+044C (decimal 1100)
   defining Unicode char U+044D (decimal 1101)
   defining Unicode char U+044E (decimal 1102)
   defining Unicode char U+044F (decimal 1103)
   defining Unicode char U+0450 (decimal 1104)
   defining Unicode char U+0451 (decimal 1105)
   defining Unicode char U+0452 (decimal 1106)
   defining Unicode char U+0453 (decimal 1107)
   defining Unicode char U+0454 (decimal 1108)
   defining Unicode char U+0455 (decimal 1109)
   defining Unicode char U+0456 (decimal 1110)
   defining Unicode char U+0457 (decimal 1111)
   defining Unicode char U+0458 (decimal 1112)
   defining Unicode char U+0459 (decimal 1113)
   defining Unicode char U+045A (decimal 1114)
   defining Unicode char U+045B (decimal 1115)
   defining Unicode char U+045C (decimal 1116)
   defining Unicode char U+045D (decimal 1117)
   defining Unicode char U+045E (decimal 1118)
   defining Unicode char U+045F (decimal 1119)
   defining Unicode char U+0490 (decimal 1168)
   defining Unicode char U+0491 (decimal 1169)
   defining Unicode char U+0492 (decimal 1170)
   defining Unicode char U+0493 (decimal 1171)
   defining Unicode char U+0496 (decimal 1174)
   defining Unicode char U+0497 (decimal 1175)
   defining Unicode char U+0498 (decimal 1176)
   defining Unicode char U+0499 (decimal 1177)
   defining Unicode char U+049A (decimal 1178)
   defining Unicode char U+049B (decimal 1179)
   defining Unicode char U+049C (decimal 1180)
   defining Unicode char U+049D (decimal 1181)
   defining Unicode char U+04A0 (decimal 1184)
   defining Unicode char U+04A1 (decimal 1185)
   defining Unicode char U+04A2 (decimal 1186)
   defining Unicode char U+04A3 (decimal 1187)
   defining Unicode char U+04A4 (decimal 1188)
   defining Unicode char U+04A5 (decimal 1189)
   defining Unicode char U+04AA (decimal 1194)
   defining Unicode char U+04AB (decimal 1195)
   defining Unicode char U+04AE (decimal 1198)
   defining Unicode char U+04AF (decimal 1199)
   defining Unicode char U+04B0 (decimal 1200)
   defining Unicode char U+04B1 (decimal 1201)
   defining Unicode char U+04B2 (decimal 1202)
   defining Unicode char U+04B3 (decimal 1203)
   defining Unicode char U+04B6 (decimal 1206)
   defining Unicode char U+04B7 (decimal 1207)
   defining Unicode char U+04B8 (decimal 1208)
   defining Unicode char U+04B9 (decimal 1209)
   defining Unicode char U+04BA (decimal 1210)
   defining Unicode char U+04BB (decimal 1211)
   defining Unicode char U+04C0 (decimal 1216)
   defining Unicode char U+04C1 (decimal 1217)
   defining Unicode char U+04C2 (decimal 1218)
   defining Unicode char U+04D0 (decimal 1232)
   defining Unicode char U+04D1 (decimal 1233)
   defining Unicode char U+04D2 (decimal 1234)
   defining Unicode char U+04D3 (decimal 1235)
   defining Unicode char U+04D4 (decimal 1236)
   defining Unicode char U+04D5 (decimal 1237)
   defining Unicode char U+04D6 (decimal 1238)
   defining Unicode char U+04D7 (decimal 1239)
   defining Unicode char U+04D8 (decimal 1240)
   defining Unicode char U+04D9 (decimal 1241)
   defining Unicode char U+04DA (decimal 1242)
   defining Unicode char U+04DB (decimal 1243)
   defining Unicode char U+04DC (decimal 1244)
   defining Unicode char U+04DD (decimal 1245)
   defining Unicode char U+04DE (decimal 1246)
   defining Unicode char U+04DF (decimal 1247)
   defining Unicode char U+04E2 (decimal 1250)
   defining Unicode char U+04E3 (decimal 1251)
   defining Unicode char U+04E4 (decimal 1252)
   defining Unicode char U+04E5 (decimal 1253)
   defining Unicode char U+04E6 (decimal 1254)
   defining Unicode char U+04E7 (decimal 1255)
   defining Unicode char U+04E8 (decimal 1256)
   defining Unicode char U+04E9 (decimal 1257)
   defining Unicode char U+04EC (decimal 1260)
   defining Unicode char U+04ED (decimal 1261)
   defining Unicode char U+04EE (decimal 1262)
   defining Unicode char U+04EF (decimal 1263)
   defining Unicode char U+04F0 (decimal 1264)
   defining Unicode char U+04F1 (decimal 1265)
   defining Unicode char U+04F2 (decimal 1266)
   defining Unicode char U+04F3 (decimal 1267)
   defining Unicode char U+04F4 (decimal 1268)
   defining Unicode char U+04F5 (decimal 1269)
   defining Unicode char U+04F8 (decimal 1272)
   defining Unicode char U+04F9 (decimal 1273)
   defining Unicode char U+200C (decimal 8204)
   defining Unicode char U+2013 (decimal 8211)
   defining Unicode char U+2014 (decimal 8212)
   defining Unicode char U+2018 (decimal 8216)
   defining Unicode char U+2019 (decimal 8217)
   defining Unicode char U+201C (decimal 8220)
   defining Unicode char U+201D (decimal 8221)
   defining Unicode char U+201E (decimal 8222)
   defining Unicode char U+2030 (decimal 8240)
   defining Unicode char U+2031 (decimal 8241)
   defining Unicode char U+2116 (decimal 8470)
   defining Unicode char U+2329 (decimal 9001)
   defining Unicode char U+3008 (decimal 12296)
   defining Unicode char U+232A (decimal 9002)
   defining Unicode char U+3009 (decimal 12297)
   defining Unicode char U+2423 (decimal 9251)
   defining Unicode char U+27E8 (decimal 10216)
   defining Unicode char U+27E9 (decimal 10217)
   defining Unicode char U+FB00 (decimal 64256)
   defining Unicode char U+FB01 (decimal 64257)
   defining Unicode char U+FB02 (decimal 64258)
   defining Unicode char U+FB03 (decimal 64259)
   defining Unicode char U+FB04 (decimal 64260)
   defining Unicode char U+FB05 (decimal 64261)
   defining Unicode char U+FB06 (decimal 64262)
))
LaTeX Font Info:    Trying to load font information for T2A+cmr on input line 1
16.

(C:\Program Files\MiKTeX\tex/latex/cyrillic\t2acmr.fd
File: t2acmr.fd 2001/08/11 v1.0a Computer Modern Cyrillic font definitions
))
(C:\Program Files\MiKTeX\tex/generic/babel\babel.sty
Package: babel 2025/12/11 v25.17 The multilingual framework for LuaLaTeX, pdfLa
TeX and XeLaTeX
\babel@savecnt=\count286
LaTeX Encoding Info:    Redeclaring text command \ij (encoding OT1) on input li
ne 2068.
LaTeX Encoding Info:    Redeclaring text command \IJ (encoding OT1) on input li
ne 2070.
LaTeX Encoding Info:    Redeclaring text command \ij (encoding T1) on input lin
e 2072.
LaTeX Encoding Info:    Redeclaring text command \IJ (encoding T1) on input lin
e 2073.
LaTeX Encoding Info:    Ignoring declaration for text command \ij (encoding ?) 
on input line 2074.
LaTeX Encoding Info:    Ignoring declaration for text command \IJ (encoding ?) 
on input line 2076.
LaTeX Encoding Info:    Ignoring declaration for text command \SS (encoding ?) 
on input line 2101.
\U@D=\dimen157
\l@unhyphenated=\language79

(C:\Program Files\MiKTeX\tex/generic/babel\txtbabel.def)
\bbl@readstream=\read2
\bbl@dirlevel=\count287
Package babel Info: Configuration files are deprecated, as
(babel)             they can break document portability.
(babel)             Reported on input line 4196.

*************************************
* Local config file bblopts.cfg used
*
(C:\Program Files\MiKTeX\tex/latex/arabi\bblopts.cfg
File: bblopts.cfg 2005/09/08 v0.1 add Arabic and Farsi to "declared" options of
 babel
)
(C:\Program Files\MiKTeX\tex/generic/babel/locale/en\babel-english.tex)
(C:\Program Files\MiKTeX\tex/generic/babel/locale/invalid\babel-serbianc.tex)
Package babel Info: Importing font and identification data for english
(babel)             from babel-en.ini. Reported on input line 4320.

(C:\Program Files\MiKTeX\tex/latex/babel-english\english.ldf
Language: english 2017/06/06 v3.3r English support from the babel system
Package babel Info: Hyphen rules for 'canadian' set to \l@english
(babel)             (\language0). Reported on input line 102.
Package babel Info: Hyphen rules for 'australian' set to \l@ukenglish
(babel)             (\language73). Reported on input line 105.
Package babel Info: Hyphen rules for 'newzealand' set to \l@ukenglish
(babel)             (\language73). Reported on input line 108.
)
Package babel Info: Importing font and identification data for serbianc
(babel)             from babel-sr.ini. Reported on input line 4320.

(C:\Program Files\MiKTeX\tex/latex/babel-serbianc\serbianc.ldf
Language: serbianc 2022/09/30 3.2a Serbian Cyrillic support for the Babel syste
m
Package babel Info: Making " an active character on input line 92.
\srbc@lettering=\count288
))
(C:\Program Files\MiKTeX\tex/latex/enumitem\enumitem.sty
Package: enumitem 2025/02/06 v3.11 Customized lists
\labelindent=\skip51
\enit@outerparindent=\dimen158
\enit@toks=\toks21
\enit@inbox=\box53
\enit@count@id=\count289
\enitdp@description=\count290
)
(C:\Program Files\MiKTeX\tex/latex/varwidth\varwidth.sty
Package: varwidth 2009/03/30 ver 0.92;  Variable-width minipages
\@vwid@box=\box54
\sift@deathcycles=\count291
\@vwid@loff=\dimen159
\@vwid@roff=\dimen160
)
==> First Aid for varwidth.sty applied!
(C:\Program Files\MiKTeX\tex/latex/listings\listings.sty
\lst@mode=\count292
\lst@gtempboxa=\box55
\lst@token=\toks22
\lst@length=\count293
\lst@currlwidth=\dimen161
\lst@column=\count294
\lst@pos=\count295
\lst@lostspace=\dimen162
\lst@width=\dimen163
\lst@newlines=\count296
\lst@lineno=\count297
\lst@maxwidth=\dimen164

(C:\Program Files\MiKTeX\tex/latex/listings\lstpatch.sty
File: lstpatch.sty 2025/11/14 1.11b (Carsten Heinz)
)
(C:\Program Files\MiKTeX\tex/latex/listings\lstmisc.sty
File: lstmisc.sty 2025/11/14 1.11b (Carsten Heinz)
\c@lstnumber=\count298
\lst@skipnumbers=\count299
\lst@framebox=\box56
)
(C:\Program Files\MiKTeX\tex/latex/listings\listings.cfg
File: listings.cfg 2025/11/14 1.11b listings configuration
))
Package: listings 2025/11/14 1.11b (Carsten Heinz)

==> First Aid for listings.sty no longer applied!
    Expected:
        2024/09/23 1.10c (Carsten Heinz)
    but found:
        2025/11/14 1.11b (Carsten Heinz)
    so I'm assuming it got fixed.
(C:\Program Files\MiKTeX\tex/latex/datetime2\datetime2.sty
Package: datetime2 2021/03/21 v1.5.7 (NLCT) date and time formats

(C:\Program Files\MiKTeX\tex/latex/tracklang\tracklang.sty
Package: tracklang 2025/03/11 v1.6.6 (NLCT) Track Languages

(C:\Program Files\MiKTeX\tex/generic/tracklang\tracklang.tex)
Package tracklang Info: Tracking dialect `english' (language `english') on inpu
t line 264.
Package tracklang Info: Tracking dialect `serbianc' (language `serbian') on inp
ut line 264.
Package tracklang Info: Tracking dialect `serbianc' (language `serbian') on inp
ut line 264.
Package tracklang Info: Tracking dialect `english' (language `english') on inpu
t line 264.
)
(C:\Program Files\MiKTeX\tex/latex/etoolbox\etoolbox.sty
Package: etoolbox 2025/10/02 v2.5m e-TeX tools for LaTeX (JAW)
\etb@tempcnta=\count300
)
(C:\Program Files\MiKTeX\tex/latex/xkeyval\xkeyval.sty
Package: xkeyval 2022/06/16 v2.9 package option processing (HA)

(C:\Program Files\MiKTeX\tex/generic/xkeyval\xkeyval.tex
(C:\Program Files\MiKTeX\tex/generic/xkeyval\xkvutils.tex
\XKV@toks=\toks23
\XKV@tempa@toks=\toks24
)
\XKV@depth=\count301
File: xkeyval.tex 2014/12/03 v2.7a key=value parser (HA)
))
(C:\Program Files\MiKTeX\tex/latex/datetime2-english\datetime2-english.ldf
File: datetime2-english.ldf 2019/10/21 v1.05 (NLCT)

(C:\Program Files\MiKTeX\tex/latex/datetime2-english\datetime2-english-base.ldf
File: datetime2-english-base.ldf 2019/10/21 v1.05 (NLCT)
)) (C:\Program Files\MiKTeX\tex/latex/datetime2-serbian\datetime2-sr-Cyrl.ldf
File: datetime2-sr-Cyrl.ldf 2019/11/22 v2.1.0

(C:\Program Files\MiKTeX\tex/latex/datetime2-serbian\datetime2-serbianc.ldf
File: datetime2-serbianc.ldf 2019/11/22 v2.1.0

(C:\Program Files\MiKTeX\tex/latex/datetime2-serbian\datetime2-serbian-base.ldf
File: datetime2-serbian-base.ldf 2019/11/22 v2.1.0
(C:\Program Files\MiKTeX\tex/generic/iftex\ifxetex.sty
Package: ifxetex 2019/10/25 v0.7 ifxetex legacy package. Use iftex instead.
)
(C:\Program Files\MiKTeX\tex/generic/iftex\ifluatex.sty
Package: ifluatex 2019/10/25 v1.5 ifluatex legacy package. Use iftex instead.
)
(C:\Program Files\MiKTeX\tex/latex/datetime2-serbian\datetime2-serbian-base-asc
ii.ldf
File: datetime2-serbian-base-ascii.ldf 2019/11/22 v2.1.0
))))) (C:\Program Files\MiKTeX\tex/latex/biblatex\biblatex.sty
Package: biblatex 2025/07/10 v3.21 programmable bibliographies (PK/MW)

(C:\Program Files\MiKTeX\tex/generic/pdftexcmds\pdftexcmds.sty
Package: pdftexcmds 2020-06-27 v0.33 Utility functions of pdfTeX for LuaTeX (HO
)

(C:\Program Files\MiKTeX\tex/generic/infwarerr\infwarerr.sty
Package: infwarerr 2019/12/03 v1.5 Providing info/warning/error messages (HO)
)
(C:\Program Files\MiKTeX\tex/generic/ltxcmds\ltxcmds.sty
Package: ltxcmds 2023-12-04 v1.26 LaTeX kernel commands for general use (HO)
)
Package pdftexcmds Info: \pdf@primitive is available.
Package pdftexcmds Info: \pdf@ifprimitive is available.
Package pdftexcmds Info: \pdfdraftmode found.
)
(C:\Program Files\MiKTeX\tex/latex/kvoptions\kvoptions.sty
Package: kvoptions 2022-06-15 v3.15 Key value format for package options (HO)

(C:\Program Files\MiKTeX\tex/latex/kvsetkeys\kvsetkeys.sty
Package: kvsetkeys 2022-10-05 v1.19 Key value parser (HO)
))
(C:\Program Files\MiKTeX\tex/latex/logreq\logreq.sty
Package: logreq 2010/08/04 v1.0 xml request logger
\lrq@indent=\count302

(C:\Program Files\MiKTeX\tex/latex/logreq\logreq.def
File: logreq.def 2010/08/04 v1.0 logreq spec v1.0
))
(C:\Program Files\MiKTeX\tex/latex/base\ifthen.sty
Package: ifthen 2024/03/16 v1.1e Standard LaTeX ifthen package (DPC)
)
(C:\Program Files\MiKTeX\tex/latex/url\url.sty
\Urlmuskip=\muskip17
Package: url 2013/09/16  ver 3.4  Verb mode for urls, etc.
)
\c@tabx@nest=\count303
\c@listtotal=\count304
\c@listcount=\count305
\c@liststart=\count306
\c@liststop=\count307
\c@citecount=\count308
\c@citetotal=\count309
\c@multicitecount=\count310
\c@multicitetotal=\count311
\c@instcount=\count312
\c@maxnames=\count313
\c@minnames=\count314
\c@maxitems=\count315
\c@minitems=\count316
\c@citecounter=\count317
\c@maxcitecounter=\count318
\c@savedcitecounter=\count319
\c@uniquelist=\count320
\c@uniquename=\count321
\c@refsection=\count322
\c@refsegment=\count323
\c@maxextratitle=\count324
\c@maxextratitleyear=\count325
\c@maxextraname=\count326
\c@maxextradate=\count327
\c@maxextraalpha=\count328
\c@abbrvpenalty=\count329
\c@highnamepenalty=\count330
\c@lownamepenalty=\count331
\c@maxparens=\count332
\c@parenlevel=\count333
\blx@tempcnta=\count334
\blx@tempcntb=\count335
\blx@tempcntc=\count336
\c@blx@maxsection=\count337
\blx@maxsegment@0=\count338
\blx@notetype=\count339
\blx@parenlevel@text=\count340
\blx@parenlevel@foot=\count341
\blx@sectionciteorder@0=\count342
\blx@sectionciteorderinternal@0=\count343
\blx@entrysetcounter=\count344
\blx@biblioinstance=\count345
\labelnumberwidth=\skip52
\labelalphawidth=\skip53
\biblabelsep=\skip54
\bibitemsep=\skip55
\bibnamesep=\skip56
\bibinitsep=\skip57
\bibparsep=\skip58
\bibhang=\skip59
\blx@bcfin=\read3
\blx@bcfout=\write3
\blx@langwohyphens=\language80
\c@mincomprange=\count346
\c@maxcomprange=\count347
\c@mincompwidth=\count348
Package biblatex Info: Trying to load biblatex default data model...
Package biblatex Info: ... file 'blx-dm.def' found.

(C:\Program Files\MiKTeX\tex/latex/biblatex\blx-dm.def
File: blx-dm.def 2025/07/10 v3.21 biblatex datamodel (PK/MW)
)
Package biblatex Info: Trying to load biblatex style data model...
Package biblatex Info: ... file 'numeric.dbx' not found.
Package biblatex Info: Trying to load biblatex custom data model...
Package biblatex Info: ... file 'biblatex-dm.cfg' not found.
\c@afterword=\count349
\c@savedafterword=\count350
\c@annotator=\count351
\c@savedannotator=\count352
\c@author=\count353
\c@savedauthor=\count354
\c@bookauthor=\count355
\c@savedbookauthor=\count356
\c@commentator=\count357
\c@savedcommentator=\count358
\c@editor=\count359
\c@savededitor=\count360
\c@editora=\count361
\c@savededitora=\count362
\c@editorb=\count363
\c@savededitorb=\count364
\c@editorc=\count365
\c@savededitorc=\count366
\c@foreword=\count367
\c@savedforeword=\count368
\c@holder=\count369
\c@savedholder=\count370
\c@introduction=\count371
\c@savedintroduction=\count372
\c@namea=\count373
\c@savednamea=\count374
\c@nameb=\count375
\c@savednameb=\count376
\c@namec=\count377
\c@savednamec=\count378
\c@translator=\count379
\c@savedtranslator=\count380
\c@shortauthor=\count381
\c@savedshortauthor=\count382
\c@shorteditor=\count383
\c@savedshorteditor=\count384
\c@labelname=\count385
\c@savedlabelname=\count386
\c@institution=\count387
\c@savedinstitution=\count388
\c@lista=\count389
\c@savedlista=\count390
\c@listb=\count391
\c@savedlistb=\count392
\c@listc=\count393
\c@savedlistc=\count394
\c@listd=\count395
\c@savedlistd=\count396
\c@liste=\count397
\c@savedliste=\count398
\c@listf=\count399
\c@savedlistf=\count400
\c@location=\count401
\c@savedlocation=\count402
\c@organization=\count403
\c@savedorganization=\count404
\c@origlocation=\count405
\c@savedoriglocation=\count406
\c@origpublisher=\count407
\c@savedorigpublisher=\count408
\c@publisher=\count409
\c@savedpublisher=\count410
\c@language=\count411
\c@savedlanguage=\count412
\c@origlanguage=\count413
\c@savedoriglanguage=\count414
\c@pageref=\count415
\c@savedpageref=\count416
\shorthandwidth=\skip60
\shortjournalwidth=\skip61
\shortserieswidth=\skip62
\shorttitlewidth=\skip63
\shortauthorwidth=\skip64
\shorteditorwidth=\skip65
\locallabelnumberwidth=\skip66
\locallabelalphawidth=\skip67
\localshorthandwidth=\skip68
\localshortjournalwidth=\skip69
\localshortserieswidth=\skip70
\localshorttitlewidth=\skip71
\localshortauthorwidth=\skip72
\localshorteditorwidth=\skip73
Package biblatex Info: Trying to load compatibility code...
Package biblatex Info: ... file 'blx-compat.def' found.

(C:\Program Files\MiKTeX\tex/latex/biblatex\blx-compat.def
File: blx-compat.def 2025/07/10 v3.21 biblatex compatibility (PK/MW)
)
Package biblatex Info: Trying to load generic definitions...
Package biblatex Info: ... file 'biblatex.def' found.

(C:\Program Files\MiKTeX\tex/latex/biblatex\biblatex.def
File: biblatex.def 2025/07/10 v3.21 biblatex compatibility (PK/MW)
\c@textcitecount=\count417
\c@textcitetotal=\count418
\c@textcitemaxnames=\count419
\c@biburlbigbreakpenalty=\count420
\c@biburlbreakpenalty=\count421
\c@biburlnumpenalty=\count422
\c@biburlucpenalty=\count423
\c@biburllcpenalty=\count424
\biburlbigskip=\muskip18
\biburlnumskip=\muskip19
\biburlucskip=\muskip20
\biburllcskip=\muskip21
\c@smartand=\count425
)
Package biblatex Info: Trying to load bibliography style 'numeric'...
Package biblatex Info: ... file 'numeric.bbx' found.

(C:\Program Files\MiKTeX\tex/latex/biblatex/bbx\numeric.bbx
File: numeric.bbx 2025/07/10 v3.21 biblatex bibliography style (PK/MW)
Package biblatex Info: Trying to load bibliography style 'standard'...
Package biblatex Info: ... file 'standard.bbx' found.

(C:\Program Files\MiKTeX\tex/latex/biblatex/bbx\standard.bbx
File: standard.bbx 2025/07/10 v3.21 biblatex bibliography style (PK/MW)
\c@bbx:relatedcount=\count426
\c@bbx:relatedtotal=\count427
))
Package biblatex Info: Trying to load citation style 'numeric'...
Package biblatex Info: ... file 'numeric.cbx' found.

(C:\Program Files\MiKTeX\tex/latex/biblatex/cbx\numeric.cbx
File: numeric.cbx 2025/07/10 v3.21 biblatex citation style (PK/MW)
Package biblatex Info: Redefining '\cite'.
Package biblatex Info: Redefining '\parencite'.
Package biblatex Info: Redefining '\footcite'.
Package biblatex Info: Redefining '\footcitetext'.
Package biblatex Info: Redefining '\smartcite'.
Package biblatex Info: Redefining '\supercite'.
Package biblatex Info: Redefining '\textcite'.
Package biblatex Info: Redefining '\textcites'.
Package biblatex Info: Redefining '\cites'.
Package biblatex Info: Redefining '\parencites'.
Package biblatex Info: Redefining '\smartcites'.
)
Package biblatex Info: Trying to load configuration file...
Package biblatex Info: ... file 'biblatex.cfg' found.

(C:\Program Files\MiKTeX\tex/latex/biblatex\biblatex.cfg
File: biblatex.cfg 
)
Package biblatex Info: Input encoding 'utf8' detected.
Package biblatex Info: Document encoding is UTF8 ....

(C:\Program Files\MiKTeX\tex/latex/l3kernel\expl3.sty
Package: expl3 2025-12-24 L3 programming layer (loader) 

(C:\Program Files\MiKTeX\tex/latex/l3backend\l3backend-pdftex.def
File: l3backend-pdftex.def 2025-10-09 L3 backend support: PDF output (pdfTeX)
\l__color_backend_stack_int=\count428
))
Package biblatex Info: ... and expl3
(biblatex)             2025-12-24 L3 programming layer (loader) 
(biblatex)             is new enough (at least 2020/04/06),
(biblatex)             setting 'casechanger=expl3'.

(C:\Program Files\MiKTeX\tex/latex/biblatex\blx-case-expl3.sty
(C:\Program Files\MiKTeX\tex/latex/l3packages/xparse\xparse.sty
Package: xparse 2025-10-09 L3 Experimental document command parser
)
Package: blx-case-expl3 2025/07/10 v3.21 expl3 case changing code for biblatex
))
(C:\Program Files\MiKTeX\tex/latex/csquotes\csquotes.sty
Package: csquotes 2024-04-04 v5.2o context-sensitive quotations (JAW)
\csq@reset=\count429
\csq@gtype=\count430
\csq@glevel=\count431
\csq@qlevel=\count432
\csq@maxlvl=\count433
\csq@tshold=\count434
\csq@ltx@everypar=\toks25

(C:\Program Files\MiKTeX\tex/latex/csquotes\csquotes.def
File: csquotes.def 2024-04-04 v5.2o csquotes generic definitions (JAW)
)
Package csquotes Info: Trying to load configuration file 'csquotes.cfg'...
Package csquotes Info: ... configuration file loaded successfully.

(C:\Program Files\MiKTeX\tex/latex/csquotes\csquotes.cfg
File: csquotes.cfg 
))
(C:\Program Files\MiKTeX\tex/latex/xcolor\xcolor.sty
Package: xcolor 2024/09/29 v3.02 LaTeX color extensions (UK)

(C:\Program Files\MiKTeX\tex/latex/graphics-cfg\color.cfg
File: color.cfg 2016/01/02 v1.6 sample color configuration
)
Package xcolor Info: Driver file: pdftex.def on input line 274.

(C:\Program Files\MiKTeX\tex/latex/graphics-def\pdftex.def
File: pdftex.def 2025/09/29 v1.2d Graphics/color driver for pdftex
)
(C:\Program Files\MiKTeX\tex/latex/graphics\mathcolor.ltx)
Package xcolor Info: Model `cmy' substituted by `cmy0' on input line 1349.
Package xcolor Info: Model `hsb' substituted by `rgb' on input line 1353.
Package xcolor Info: Model `RGB' extended on input line 1365.
Package xcolor Info: Model `HTML' substituted by `rgb' on input line 1367.
Package xcolor Info: Model `Hsb' substituted by `hsb' on input line 1368.
Package xcolor Info: Model `tHsb' substituted by `hsb' on input line 1369.
Package xcolor Info: Model `HSB' substituted by `hsb' on input line 1370.
Package xcolor Info: Model `Gray' substituted by `gray' on input line 1371.
Package xcolor Info: Model `wave' substituted by `hsb' on input line 1372.
)
(C:\Program Files\MiKTeX\tex/latex/graphics\dvipsnam.def
File: dvipsnam.def 2016/06/17 v3.0m Driver-dependent file (DPC,SPQR)
)
(C:\Program Files\MiKTeX\tex/latex/hyperref\hyperref.sty
Package: hyperref 2025-07-12 v7.01o Hypertext links for LaTeX

(C:\Program Files\MiKTeX\tex/generic/kvdefinekeys\kvdefinekeys.sty
Package: kvdefinekeys 2019-12-19 v1.6 Define keys (HO)
)
(C:\Program Files\MiKTeX\tex/generic/pdfescape\pdfescape.sty
Package: pdfescape 2019/12/09 v1.15 Implements pdfTeX's escape features (HO)
)
(C:\Program Files\MiKTeX\tex/latex/hycolor\hycolor.sty
Package: hycolor 2020-01-27 v1.10 Color options for hyperref/bookmark (HO)
)
(C:\Program Files\MiKTeX\tex/latex/hyperref\nameref.sty
Package: nameref 2025-06-21 v2.57 Cross-referencing by name of section

(C:\Program Files\MiKTeX\tex/latex/refcount\refcount.sty
Package: refcount 2019/12/15 v3.6 Data extraction from label references (HO)
)
(C:\Program Files\MiKTeX\tex/generic/gettitlestring\gettitlestring.sty
Package: gettitlestring 2019/12/15 v1.6 Cleanup title references (HO)
)
\c@section@level=\count435
)
(C:\Program Files\MiKTeX\tex/generic/stringenc\stringenc.sty
Package: stringenc 2019/11/29 v1.12 Convert strings between diff. encodings (HO
)
)
\@linkdim=\dimen165
\Hy@linkcounter=\count436
\Hy@pagecounter=\count437

(C:\Program Files\MiKTeX\tex/latex/hyperref\pd1enc.def
File: pd1enc.def 2025-07-12 v7.01o Hyperref: PDFDocEncoding definition (HO)
Now handling font encoding PD1 ...
... no UTF-8 mapping file for font encoding PD1
)
(C:\Program Files\MiKTeX\tex/generic/intcalc\intcalc.sty
Package: intcalc 2019/12/15 v1.3 Expandable calculations with integers (HO)
)
\Hy@SavedSpaceFactor=\count438

(C:\Program Files\MiKTeX\tex/latex/hyperref\puenc.def
File: puenc.def 2025-07-12 v7.01o Hyperref: PDF Unicode definition (HO)
Now handling font encoding PU ...
... no UTF-8 mapping file for font encoding PU
)
Package hyperref Info: Option `pdfusetitle' set `true' on input line 4066.
Package hyperref Info: Hyper figures OFF on input line 4195.
Package hyperref Info: Link nesting OFF on input line 4200.
Package hyperref Info: Hyper index ON on input line 4203.
Package hyperref Info: Plain pages OFF on input line 4210.
Package hyperref Info: Backreferencing OFF on input line 4215.
Package hyperref Info: Implicit mode ON; LaTeX internals redefined.
Package hyperref Info: Bookmarks ON on input line 4462.
\c@Hy@tempcnt=\count439
LaTeX Info: Redefining \url on input line 4801.
\XeTeXLinkMargin=\dimen166

(C:\Program Files\MiKTeX\tex/generic/bitset\bitset.sty
Package: bitset 2019/12/09 v1.3 Handle bit-vector datatype (HO)

(C:\Program Files\MiKTeX\tex/generic/bigintcalc\bigintcalc.sty
Package: bigintcalc 2019/12/15 v1.5 Expandable calculations on big integers (HO
)
))
\Fld@menulength=\count440
\Field@Width=\dimen167
\Fld@charsize=\dimen168
Package hyperref Info: Hyper figures OFF on input line 6078.
Package hyperref Info: Link nesting OFF on input line 6083.
Package hyperref Info: Hyper index ON on input line 6086.
Package hyperref Info: backreferencing OFF on input line 6093.
Package hyperref Info: Link coloring OFF on input line 6098.
Package hyperref Info: Link coloring with OCG OFF on input line 6103.
Package hyperref Info: PDF/A mode OFF on input line 6108.
\Hy@abspage=\count441
\c@Item=\count442
\c@Hfootnote=\count443
)
Package hyperref Info: Driver (autodetected): hpdftex.

(C:\Program Files\MiKTeX\tex/latex/hyperref\hpdftex.def
File: hpdftex.def 2025-07-12 v7.01o Hyperref driver for pdfTeX
\Fld@listcount=\count444
\c@bookmark@seq@number=\count445

(C:\Program Files\MiKTeX\tex/latex/rerunfilecheck\rerunfilecheck.sty
Package: rerunfilecheck 2025-06-21 v1.11 Rerun checks for auxiliary files (HO)

(C:\Program Files\MiKTeX\tex/generic/uniquecounter\uniquecounter.sty
Package: uniquecounter 2019/12/15 v1.4 Provide unlimited unique counter (HO)
)
Package uniquecounter Info: New unique counter `rerunfilecheck' on input line 2
84.
)
\Hy@SectionHShift=\skip74
)
(C:\Program Files\MiKTeX\tex/latex/bookmark\bookmark.sty
Package: bookmark 2023-12-10 v1.31 PDF bookmarks (HO)

(C:\Program Files\MiKTeX\tex/latex/bookmark\bkm-pdftex.def
File: bkm-pdftex.def 2023-12-10 v1.31 bookmark driver for pdfTeX and luaTeX (HO
)
\BKM@id=\count446
))
(C:\Program Files\MiKTeX\tex/latex/caption\caption.sty
Package: caption 2023/08/05 v3.6o Customizing captions (AR)

(C:\Program Files\MiKTeX\tex/latex/caption\caption3.sty
Package: caption3 2023/07/31 v2.4d caption3 kernel (AR)
\caption@tempdima=\dimen169
\captionmargin=\dimen170
\caption@leftmargin=\dimen171
\caption@rightmargin=\dimen172
\caption@width=\dimen173
\caption@indent=\dimen174
\caption@parindent=\dimen175
\caption@hangindent=\dimen176
Package caption Info: Standard document class detected.
)
\c@caption@flags=\count447
\c@continuedfloat=\count448
Package caption Info: hyperref package is loaded.
Package caption Info: listings package is loaded.
)
(C:\Program Files\MiKTeX\tex/latex/parskip\parskip.sty
Package: parskip 2021-03-14 v2.0h non-zero parskip adjustments
)
\MaxSizeOfLineNumbers=\skip75
\LineNumCharWidth=\skip76
\@currentparskip=\skip77
\c@@committeecount=\count449
\c@@iteratemissing=\count450
)
(C:\Program Files\MiKTeX\tex/latex/graphics\graphicx.sty
Package: graphicx 2024/12/31 v1.2e Enhanced LaTeX Graphics (DPC,SPQR)

(C:\Program Files\MiKTeX\tex/latex/graphics\graphics.sty
Package: graphics 2024/08/06 v1.4g Standard LaTeX Graphics (DPC,SPQR)

(C:\Program Files\MiKTeX\tex/latex/graphics\trig.sty
Package: trig 2023/12/02 v1.11 sin cos tan (DPC)
)
(C:\Program Files\MiKTeX\tex/latex/graphics-cfg\graphics.cfg
File: graphics.cfg 2016/06/04 v1.11 sample graphics configuration
)
Package graphics Info: Driver file: pdftex.def on input line 106.
)
\Gin@req@height=\dimen177
\Gin@req@width=\dimen178
)
(C:\Program Files\MiKTeX\tex/latex/booktabs\booktabs.sty
Package: booktabs 2020/01/12 v1.61803398 Publication quality tables
\heavyrulewidth=\dimen179
\lightrulewidth=\dimen180
\cmidrulewidth=\dimen181
\belowrulesep=\dimen182
\belowbottomsep=\dimen183
\aboverulesep=\dimen184
\abovetopsep=\dimen185
\cmidrulesep=\dimen186
\cmidrulekern=\dimen187
\defaultaddspace=\dimen188
\@cmidla=\count451
\@cmidlb=\count452
\@aboverulesep=\dimen189
\@belowrulesep=\dimen190
\@thisruleclass=\count453
\@lastruleclass=\count454
\@thisrulewidth=\dimen191
)
(C:\Program Files\MiKTeX\tex/latex/float\float.sty
Package: float 2001/11/08 v1.3d Float enhancements (AL)
\c@float@type=\count455
\float@exts=\toks26
\float@box=\box57
\@float@everytoks=\toks27
\@floatcapt=\box58
)
(C:\Program Files\MiKTeX\tex/latex/amsmath\amsmath.sty
Package: amsmath 2025/07/09 v2.17z AMS math features
\@mathmargin=\skip78

For additional information on amsmath, use the `?' option.
(C:\Program Files\MiKTeX\tex/latex/amsmath\amstext.sty
Package: amstext 2024/11/17 v2.01 AMS text

(C:\Program Files\MiKTeX\tex/latex/amsmath\amsgen.sty
File: amsgen.sty 1999/11/30 v2.0 generic functions
\@emptytoks=\toks28
\ex@=\dimen192
))
(C:\Program Files\MiKTeX\tex/latex/amsmath\amsbsy.sty
Package: amsbsy 1999/11/29 v1.2d Bold Symbols
\pmbraise@=\dimen193
)
(C:\Program Files\MiKTeX\tex/latex/amsmath\amsopn.sty
Package: amsopn 2022/04/08 v2.04 operator names
)
\inf@bad=\count456
LaTeX Info: Redefining \frac on input line 233.
\uproot@=\count457
\leftroot@=\count458
LaTeX Info: Redefining \overline on input line 398.
LaTeX Info: Redefining \colon on input line 409.
\classnum@=\count459
\DOTSCASE@=\count460
LaTeX Info: Redefining \ldots on input line 495.
LaTeX Info: Redefining \dots on input line 498.
LaTeX Info: Redefining \cdots on input line 619.
\Mathstrutbox@=\box59
\strutbox@=\box60
LaTeX Info: Redefining \big on input line 721.
LaTeX Info: Redefining \Big on input line 722.
LaTeX Info: Redefining \bigg on input line 723.
LaTeX Info: Redefining \Bigg on input line 724.
\big@size=\dimen194
LaTeX Font Info:    Redeclaring font encoding OML on input line 742.
LaTeX Font Info:    Redeclaring font encoding OMS on input line 743.
\macc@depth=\count461
LaTeX Info: Redefining \bmod on input line 904.
LaTeX Info: Redefining \pmod on input line 909.
LaTeX Info: Redefining \smash on input line 939.
LaTeX Info: Redefining \relbar on input line 969.
LaTeX Info: Redefining \Relbar on input line 970.
\c@MaxMatrixCols=\count462
\dotsspace@=\muskip22
\c@parentequation=\count463
\dspbrk@lvl=\count464
\tag@help=\toks29
\row@=\count465
\column@=\count466
\maxfields@=\count467
\andhelp@=\toks30
\eqnshift@=\dimen195
\alignsep@=\dimen196
\tagshift@=\dimen197
\tagwidth@=\dimen198
\totwidth@=\dimen199
\lineht@=\dimen256
\@envbody=\toks31
\multlinegap=\skip79
\multlinetaggap=\skip80
\mathdisplay@stack=\toks32
LaTeX Info: Redefining \[ on input line 2950.
LaTeX Info: Redefining \] on input line 2951.
)
(C:\Program Files\MiKTeX\tex/latex/amsfonts\amssymb.sty
Package: amssymb 2013/01/14 v3.01 AMS font symbols

(C:\Program Files\MiKTeX\tex/latex/amsfonts\amsfonts.sty
Package: amsfonts 2013/01/14 v3.01 Basic AMSFonts support
\symAMSa=\mathgroup4
\symAMSb=\mathgroup5
LaTeX Font Info:    Redeclaring math symbol \hbar on input line 98.
LaTeX Font Info:    Overwriting math alphabet `\mathfrak' in version `bold'
(Font)                  U/euf/m/n --> U/euf/b/n on input line 106.
))
(C:\Program Files\MiKTeX\tex/latex/caption\subcaption.sty
Package: subcaption 2023/07/28 v1.6b Sub-captions (AR)
Package caption Info: New subtype `subfigure' on input line 238.
\c@subfigure=\count468
Package caption Info: New subtype `subtable' on input line 238.
\c@subtable=\count469
)
Package csquotes Info: Checking for multilingual support...
Package csquotes Info: ... found 'babel' package.
Package csquotes Info: Adjusting default style.
Package csquotes Info: Redefining alias 'default' -> 'serbianc'.
 (main.aux
Package babel Info: 'serbianc' activates 'serbianc' shorthands.
(babel)             Reported on input line 10.
)
\openout1 = `main.aux'.

LaTeX Font Info:    Checking defaults for OML/cmm/m/it on input line 33.
LaTeX Font Info:    ... okay on input line 33.
LaTeX Font Info:    Checking defaults for OMS/cmsy/m/n on input line 33.
LaTeX Font Info:    ... okay on input line 33.
LaTeX Font Info:    Checking defaults for OT1/cmr/m/n on input line 33.
LaTeX Font Info:    ... okay on input line 33.
LaTeX Font Info:    Checking defaults for T1/cmr/m/n on input line 33.
LaTeX Font Info:    ... okay on input line 33.
LaTeX Font Info:    Checking defaults for TS1/cmr/m/n on input line 33.
LaTeX Font Info:    ... okay on input line 33.
LaTeX Font Info:    Checking defaults for OMX/cmex/m/n on input line 33.
LaTeX Font Info:    ... okay on input line 33.
LaTeX Font Info:    Checking defaults for U/cmr/m/n on input line 33.
LaTeX Font Info:    ... okay on input line 33.
LaTeX Font Info:    Checking defaults for T2A/cmr/m/n on input line 33.
LaTeX Font Info:    ... okay on input line 33.
LaTeX Font Info:    Checking defaults for PD1/pdf/m/n on input line 33.
LaTeX Font Info:    ... okay on input line 33.
LaTeX Font Info:    Checking defaults for PU/pdf/m/n on input line 33.
LaTeX Font Info:    ... okay on input line 33.

*geometry* driver: auto-detecting
*geometry* detected driver: pdftex
*geometry* verbose mode - [ preamble ] result:
* driver: pdftex
* paper: a4paper
* layout: <same size as paper>
* layoutoffset:(h,v)=(0.0pt,0.0pt)
* modes: 
* h-part:(L,W,R)=(71.13188pt, 455.24411pt, 71.13188pt)
* v-part:(T,H,B)=(71.13188pt, 702.78308pt, 71.13188pt)
* \paperwidth=597.50787pt
* \paperheight=845.04684pt
* \textwidth=455.24411pt
* \textheight=702.78308pt
* \oddsidemargin=-1.1381pt
* \evensidemargin=-1.1381pt
* \topmargin=-38.1381pt
* \headheight=12.0pt
* \headsep=25.0pt
* \topskip=12.0pt
* \footskip=30.0pt
* \marginparwidth=35.0pt
* \marginparsep=10.0pt
* \columnsep=10.0pt
* \skip\footins=10.8pt plus 4.0pt minus 2.0pt
* \hoffset=0.0pt
* \voffset=0.0pt
* \mag=1000
* \@twocolumnfalse
* \@twosidefalse
* \@mparswitchfalse
* \@reversemarginfalse
* (1in=72.27pt=25.4mm, 1cm=28.453pt)

\c@lstlisting=\count470
Package biblatex Info: Trying to load language 'serbianc'...
Package biblatex Info: ... file 'serbianc.lbx' found.
(C:\Program Files\MiKTeX\tex/latex/biblatex/lbx\serbianc.lbx
File: serbianc.lbx 2025/07/10 v3.21 biblatex localization (PK/MW)
)
Package biblatex Info: Trying to load language 'english'...
Package biblatex Info: ... file 'english.lbx' found.

(C:\Program Files\MiKTeX\tex/latex/biblatex/lbx\english.lbx
File: english.lbx 2025/07/10 v3.21 biblatex localization (PK/MW)
)
Package biblatex Info: Input encoding 'utf8' detected.
Package biblatex Info: Automatic encoding selection.
(biblatex)             Assuming data encoding 'utf8'.
\openout3 = `main.bcf'.

Package biblatex Info: Trying to load bibliographic data...
Package biblatex Info: ... file 'main.bbl' found.
 (main.bbl)
Package biblatex Info: Reference section=0 on input line 33.
Package biblatex Info: Reference segment=0 on input line 33.

(C:\Program Files\MiKTeX\tex/context/base/mkii\supp-pdf.mkii
[Loading MPS to PDF converter (version 2006.09.02).]
\scratchcounter=\count471
\scratchdimen=\dimen257
\scratchbox=\box61
\nofMPsegments=\count472
\nofMParguments=\count473
\everyMPshowfont=\toks33
\MPscratchCnt=\count474
\MPscratchDim=\dimen258
\MPnumerator=\count475
\makeMPintoPDFobject=\count476
\everyMPtoPDFconversion=\toks34
) (C:\Program Files\MiKTeX\tex/latex/epstopdf-pkg\epstopdf-base.sty
Package: epstopdf-base 2020-01-24 v2.11 Base part for package epstopdf
Package epstopdf-base Info: Redefining graphics rule for `.eps' on input line 4
85.

(C:\Program Files\MiKTeX\tex/latex/00miktex\epstopdf-sys.cfg
File: epstopdf-sys.cfg 2021/03/18 v2.0 Configuration of epstopdf for MiKTeX
))
Package hyperref Info: Link coloring OFF on input line 33.
Package caption Info: Begin \AtBeginDocument code.
Package caption Info: float package is loaded.
Package caption Info: End \AtBeginDocument code.


LaTeX Font Warning: Font shape `T2A/cmr/bx/n' in size <16> not available
(Font)              size <17.28> substituted on input line 35.


LaTeX Font Warning: Font shape `T2A/cmr/bx/n' in size <18> not available
(Font)              size <17.28> substituted on input line 35.


LaTeX Font Warning: Font shape `T2A/cmr/bx/n' in size <24> not available
(Font)              size <24.88> substituted on input line 35.

[1

{C:/Users/Mini-ITX GAMER/AppData/Local/MiKTeX/fonts/map/pdftex/pdftex.map}]

LaTeX Font Warning: Font shape `T2A/cmr/bx/n' in size <15> not available
(Font)              size <14.4> substituted on input line 35.

<finthesis_assets/unikg_logo.pdf, id=11, 86.3225pt x 107.40125pt>
File: finthesis_assets/unikg_logo.pdf Graphic file (type pdf)
<use finthesis_assets/unikg_logo.pdf>
Package pdftex.def Info: finthesis_assets/unikg_logo.pdf  used on input line 35
.
(pdftex.def)             Requested size: 50.31075pt x 62.59605pt.
<finthesis_assets/finkg_logo.pdf, id=12, 570.13pt x 750.805pt>
File: finthesis_assets/finkg_logo.pdf Graphic file (type pdf)
<use finthesis_assets/finkg_logo.pdf>
Package pdftex.def Info: finthesis_assets/finkg_logo.pdf  used on input line 35
.
(pdftex.def)             Requested size: 47.5252pt x 62.59605pt.

pdfTeX warning (ext4): destination with the same identifier (name{page.1}) has 
been already used, duplicate ignored
<to be read again> 
                   \relax 
l.35 \maketitle
                [1 <./finthesis_assets/unikg_logo.pdf> <./finthesis_assets/fink
g_logo.pdf>]
pdfTeX warning (ext4): destination with the same identifier (name{page.1}) has 
been already used, duplicate ignored
<to be read again> 
                   \relax 
l.35 \maketitle
                [1]
pdfTeX warning (ext4): destination with the same identifier (name{page.1}) has 
been already used, duplicate ignored
<to be read again> 
                   \relax 
l.35 \maketitle
                [1]
pdfTeX warning (ext4): destination with the same identifier (name{page.1}) has 
been already used, duplicate ignored
<to be read again> 
                   \relax 
l.36 \makeabstract
                   [1] (main.toc
LaTeX Font Info:    Trying to load font information for U+msa on input line 4.

(C:\Program Files\MiKTeX\tex/latex/amsfonts\umsa.fd
File: umsa.fd 2013/01/14 v3.01 AMS symbols A
)
LaTeX Font Info:    Trying to load font information for U+msb on input line 4.

(C:\Program Files\MiKTeX\tex/latex/amsfonts\umsb.fd
File: umsb.fd 2013/01/14 v3.01 AMS symbols B
) [2


])
\tf@toc=\write4
\openout4 = `main.toc'.

 [3] (main.lof
Underfull \hbox (badness 2409) in paragraph at lines 18--18
 [][] [][]\T2A/cmr/m/n/12 Forecast error distribution for the representative Bi
tcoin--S&P 500 
 []

)
\tf@lof=\write5
\openout5 = `main.lof'.

 [4

] (main.lot)
\tf@lot=\write6
\openout6 = `main.lot'.

 (chapters/01_uvod.tex [5

] [6

])
(chapters/02_teorijske_osnove.tex [7] [8

] [9] [10])
(chapters/03_metodologija.tex [11] [12] [13

]
Overfull \hbox (9.65642pt too wide) in paragraph at lines 65--77
 [][] 
 []

[14] [15] [16]) (chapters/04_rezultati.tex [17] [18

]
<../outputs/figures/thesis_forecast_corr_BTC-USD_^GSPC_w30_fisher_z.png, id=520
, 986.2446pt x 624.8946pt>
File: ../outputs/figures/thesis_forecast_corr_BTC-USD_^GSPC_w30_fisher_z.png Gr
aphic file (type png)
<use ../outputs/figures/thesis_forecast_corr_BTC-USD_^GSPC_w30_fisher_z.png>
Package pdftex.def Info: ../outputs/figures/thesis_forecast_corr_BTC-USD_^GSPC_
w30_fisher_z.png  used on input line 43.
(pdftex.def)             Requested size: 432.48051pt x 274.02956pt.
 [19 <../outputs/figures/thesis_forecast_corr_BTC-USD_^GSPC_w30_fisher_z.png>]
<../outputs/figures/dm_heatmap_Ridge_vs_DCC.png, id=528, 722.7pt x 390.258pt>
File: ../outputs/figures/dm_heatmap_Ridge_vs_DCC.png Graphic file (type png)
<use ../outputs/figures/dm_heatmap_Ridge_vs_DCC.png>
Package pdftex.def Info: ../outputs/figures/dm_heatmap_Ridge_vs_DCC.png  used o
n input line 72.
(pdftex.def)             Requested size: 373.3035pt x 201.58357pt.
 [20]
<../outputs/figures/rolling_rmse_corr_BTC-USD_^GSPC_w30_fisher_z.png, id=534, 1
011.78pt x 361.35pt>
File: ../outputs/figures/rolling_rmse_corr_BTC-USD_^GSPC_w30_fisher_z.png Graph
ic file (type png)
<use ../outputs/figures/rolling_rmse_corr_BTC-USD_^GSPC_w30_fisher_z.png>
Package pdftex.def Info: ../outputs/figures/rolling_rmse_corr_BTC-USD_^GSPC_w30
_fisher_z.png  used on input line 87.
(pdftex.def)             Requested size: 409.71692pt x 146.3294pt.
 [21 <../outputs/figures/dm_heatmap_Ridge_vs_DCC.png> <../outputs/figures/rolli
ng_rmse_corr_BTC-USD_^GSPC_w30_fisher_z.png>]
<../outputs/figures/signal_corr_BTC-USD_^GSPC_w30.png, id=544, 939.51pt x 361.3
5pt>
File: ../outputs/figures/signal_corr_BTC-USD_^GSPC_w30.png Graphic file (type p
ng)
<use ../outputs/figures/signal_corr_BTC-USD_^GSPC_w30.png>
Package pdftex.def Info: ../outputs/figures/signal_corr_BTC-USD_^GSPC_w30.png  
used on input line 127.
(pdftex.def)             Requested size: 432.48051pt x 166.3388pt.
 [22] [23 <../outputs/figures/signal_corr_BTC-USD_^GSPC_w30.png>]) (chapters/05
_diskusija.tex [24] [25

] [26] [27])
(chapters/06_zakljucak.tex [28]) (chapters/appendix_a_dataset.tex [29

]
<../outputs/figures/eda_normalized_prices.png, id=584, 1011.78pt x 433.62pt>
File: ../outputs/figures/eda_normalized_prices.png Graphic file (type png)
<use ../outputs/figures/eda_normalized_prices.png>
Package pdftex.def Info: ../outputs/figures/eda_normalized_prices.png  used on 
input line 25.
(pdftex.def)             Requested size: 432.48051pt x 185.348pt.
 [30

]
<../outputs/figures/eda_rolling_vol.png, id=593, 1011.78pt x 361.35pt>
File: ../outputs/figures/eda_rolling_vol.png Graphic file (type png)
<use ../outputs/figures/eda_rolling_vol.png>
Package pdftex.def Info: ../outputs/figures/eda_rolling_vol.png  used on input 
line 34.
(pdftex.def)             Requested size: 432.48051pt x 154.45667pt.
<../outputs/figures/eda_corr_heatmap.png, id=596, 650.43pt x 505.89pt>
File: ../outputs/figures/eda_corr_heatmap.png Graphic file (type png)
<use ../outputs/figures/eda_corr_heatmap.png>
Package pdftex.def Info: ../outputs/figures/eda_corr_heatmap.png  used on input
 line 43.
(pdftex.def)             Requested size: 386.96027pt x 300.97354pt.

[31 <../outputs/figures/eda_normalized_prices.png> <../outputs/figures/eda_roll
ing_vol.png>]
<../outputs/figures/eda_rolling_corr_all.png, id=603, 986.76346pt x 1528.23254p
t>
File: ../outputs/figures/eda_rolling_corr_all.png Graphic file (type png)
<use ../outputs/figures/eda_rolling_corr_all.png>
Package pdftex.def Info: ../outputs/figures/eda_rolling_corr_all.png  used on i
nput line 50.
(pdftex.def)             Requested size: 446.13727pt x 690.93964pt.
 [32 <../outputs/figures/eda_corr_heatmap.png>]
Overfull \vbox (12.65654pt too high) has occurred while \output is active []


[33 <../outputs/figures/eda_rolling_corr_all.png>])
(chapters/appendix_b_forecasts.tex [34]
<../outputs/figures/model_rmse_comparison.png, id=622, 794.97pt x 361.35pt>
File: ../outputs/figures/model_rmse_comparison.png Graphic file (type png)
<use ../outputs/figures/model_rmse_comparison.png>
Package pdftex.def Info: ../outputs/figures/model_rmse_comparison.png  used on 
input line 9.
(pdftex.def)             Requested size: 364.19667pt x 165.54483pt.
<../outputs/figures/model_r2_comparison_w30.png, id=623, 939.51pt x 361.35pt>
File: ../outputs/figures/model_r2_comparison_w30.png Graphic file (type png)
<use ../outputs/figures/model_r2_comparison_w30.png>
Package pdftex.def Info: ../outputs/figures/model_r2_comparison_w30.png  used o
n input line 15.
(pdftex.def)             Requested size: 364.19667pt x 140.0713pt.
<../outputs/figures/model_improvement_over_naive.png, id=624, 650.43pt x 289.08
pt>
File: ../outputs/figures/model_improvement_over_naive.png Graphic file (type pn
g)
<use ../outputs/figures/model_improvement_over_naive.png>
Package pdftex.def Info: ../outputs/figures/model_improvement_over_naive.png  u
sed on input line 21.
(pdftex.def)             Requested size: 364.19667pt x 161.87045pt.
 [35

 <../outputs/figures/model_rmse_comparison.png> <../outputs/figures/model_r2_co
mparison_w30.png>]
<../outputs/figures/gridsearch_cv_rmse_BTC-USD_^GSPC_w30.png, id=633, 578.16pt 
x 289.08pt>
File: ../outputs/figures/gridsearch_cv_rmse_BTC-USD_^GSPC_w30.png Graphic file 
(type png)
<use ../outputs/figures/gridsearch_cv_rmse_BTC-USD_^GSPC_w30.png>
Package pdftex.def Info: ../outputs/figures/gridsearch_cv_rmse_BTC-USD_^GSPC_w3
0.png  used on input line 29.
(pdftex.def)             Requested size: 364.19667pt x 182.0949pt.
<../outputs/figures/ridge_regularization_path.png, id=634, 578.16pt x 289.08pt>

File: ../outputs/figures/ridge_regularization_path.png Graphic file (type png)
<use ../outputs/figures/ridge_regularization_path.png>
Package pdftex.def Info: ../outputs/figures/ridge_regularization_path.png  used
 on input line 35.
(pdftex.def)             Requested size: 364.19667pt x 182.0949pt.
<../outputs/figures/rf_feature_importance_BTC-USD_^GSPC_w30_readable.png, id=63
5, 1156.32pt x 361.35pt>
File: ../outputs/figures/rf_feature_importance_BTC-USD_^GSPC_w30_readable.png G
raphic file (type png)
<use ../outputs/figures/rf_feature_importance_BTC-USD_^GSPC_w30_readable.png>
Package pdftex.def Info: ../outputs/figures/rf_feature_importance_BTC-USD_^GSPC
_w30_readable.png  used on input line 41.
(pdftex.def)             Requested size: 386.96027pt x 120.92204pt.
 [36 <../outputs/figures/model_improvement_over_naive.png> <../outputs/figures/
gridsearch_cv_rmse_BTC-USD_^GSPC_w30.png> <../outputs/figures/ridge_regularizat
ion_path.png>]
<../outputs/figures/xgb_window_sensitivity.png, id=644, 722.7pt x 361.35pt>
File: ../outputs/figures/xgb_window_sensitivity.png Graphic file (type png)
<use ../outputs/figures/xgb_window_sensitivity.png>
Package pdftex.def Info: ../outputs/figures/xgb_window_sensitivity.png  used on
 input line 49.
(pdftex.def)             Requested size: 373.3035pt x 186.65146pt.
<../outputs/figures/scatter_corr_BTC-USD_^GSPC_w30_fisher_z.png, id=645, 939.51
pt x 361.35pt>
File: ../outputs/figures/scatter_corr_BTC-USD_^GSPC_w30_fisher_z.png Graphic fi
le (type png)
<use ../outputs/figures/scatter_corr_BTC-USD_^GSPC_w30_fisher_z.png>
Package pdftex.def Info: ../outputs/figures/scatter_corr_BTC-USD_^GSPC_w30_fish
er_z.png  used on input line 55.
(pdftex.def)             Requested size: 373.3035pt x 143.57805pt.
<../outputs/figures/error_dist_corr_BTC-USD_^GSPC_w30_fisher_z.png, id=646, 108
4.05pt x 361.35pt>
File: ../outputs/figures/error_dist_corr_BTC-USD_^GSPC_w30_fisher_z.png Graphic
 file (type png)
<use ../outputs/figures/error_dist_corr_BTC-USD_^GSPC_w30_fisher_z.png>
Package pdftex.def Info: ../outputs/figures/error_dist_corr_BTC-USD_^GSPC_w30_f
isher_z.png  used on input line 61.
(pdftex.def)             Requested size: 373.3035pt x 124.4343pt.

[37 <../outputs/figures/rf_feature_importance_BTC-USD_^GSPC_w30_readable.png> <
../outputs/figures/xgb_window_sensitivity.png> <../outputs/figures/scatter_corr
_BTC-USD_^GSPC_w30_fisher_z.png>]
<../outputs/figures/sensitivity_BTC-USD_^IXIC.png, id=655, 867.24pt x 361.35pt>

File: ../outputs/figures/sensitivity_BTC-USD_^IXIC.png Graphic file (type png)
<use ../outputs/figures/sensitivity_BTC-USD_^IXIC.png>
Package pdftex.def Info: ../outputs/figures/sensitivity_BTC-USD_^IXIC.png  used
 on input line 69.
(pdftex.def)             Requested size: 409.71692pt x 170.71672pt.
<../outputs/figures/sensitivity_BTC-USD_GLD.png, id=656, 867.24pt x 361.35pt>
File: ../outputs/figures/sensitivity_BTC-USD_GLD.png Graphic file (type png)
<use ../outputs/figures/sensitivity_BTC-USD_GLD.png>
Package pdftex.def Info: ../outputs/figures/sensitivity_BTC-USD_GLD.png  used o
n input line 75.
(pdftex.def)             Requested size: 409.71692pt x 170.71672pt.
<../outputs/figures/sensitivity_BTC-USD_SLV.png, id=657, 867.24pt x 361.35pt>
File: ../outputs/figures/sensitivity_BTC-USD_SLV.png Graphic file (type png)
<use ../outputs/figures/sensitivity_BTC-USD_SLV.png>
Package pdftex.def Info: ../outputs/figures/sensitivity_BTC-USD_SLV.png  used o
n input line 81.
(pdftex.def)             Requested size: 409.71692pt x 170.71672pt.
 [38 <../outputs/figures/error_dist_corr_BTC-USD_^GSPC_w30_fisher_z.png> <../ou
tputs/figures/sensitivity_BTC-USD_^IXIC.png> <../outputs/figures/sensitivity_BT
C-USD_GLD.png>]
<../outputs/figures/sensitivity_BTC-USD_UUP.png, id=666, 867.24pt x 361.35pt>
File: ../outputs/figures/sensitivity_BTC-USD_UUP.png Graphic file (type png)
<use ../outputs/figures/sensitivity_BTC-USD_UUP.png>
Package pdftex.def Info: ../outputs/figures/sensitivity_BTC-USD_UUP.png  used o
n input line 87.
(pdftex.def)             Requested size: 409.71692pt x 170.71672pt.
<../outputs/figures/sensitivity_BTC-USD_ETH-USD.png, id=667, 867.24pt x 361.35p
t>
File: ../outputs/figures/sensitivity_BTC-USD_ETH-USD.png Graphic file (type png
)
<use ../outputs/figures/sensitivity_BTC-USD_ETH-USD.png>
Package pdftex.def Info: ../outputs/figures/sensitivity_BTC-USD_ETH-USD.png  us
ed on input line 93.
(pdftex.def)             Requested size: 409.71692pt x 170.71672pt.
)
(chapters/appendix_c_signals.tex [39 <../outputs/figures/sensitivity_BTC-USD_SL
V.png> <../outputs/figures/sensitivity_BTC-USD_UUP.png> <../outputs/figures/sen
sitivity_BTC-USD_ETH-USD.png>] [40]
<../outputs/figures/signal_corr_BTC-USD_^IXIC_w30.png, id=681, 939.51pt x 361.3
5pt>
File: ../outputs/figures/signal_corr_BTC-USD_^IXIC_w30.png Graphic file (type p
ng)
<use ../outputs/figures/signal_corr_BTC-USD_^IXIC_w30.png>
Package pdftex.def Info: ../outputs/figures/signal_corr_BTC-USD_^IXIC_w30.png  
used on input line 9.
(pdftex.def)             Requested size: 409.71692pt x 157.58296pt.
<../outputs/figures/signal_corr_BTC-USD_GLD_w30.png, id=682, 939.51pt x 361.35p
t>
File: ../outputs/figures/signal_corr_BTC-USD_GLD_w30.png Graphic file (type png
)
<use ../outputs/figures/signal_corr_BTC-USD_GLD_w30.png>
Package pdftex.def Info: ../outputs/figures/signal_corr_BTC-USD_GLD_w30.png  us
ed on input line 15.
(pdftex.def)             Requested size: 409.71692pt x 157.58296pt.
<../outputs/figures/signal_corr_BTC-USD_SLV_w30.png, id=683, 939.51pt x 361.35p
t>
File: ../outputs/figures/signal_corr_BTC-USD_SLV_w30.png Graphic file (type png
)
<use ../outputs/figures/signal_corr_BTC-USD_SLV_w30.png>
Package pdftex.def Info: ../outputs/figures/signal_corr_BTC-USD_SLV_w30.png  us
ed on input line 21.
(pdftex.def)             Requested size: 409.71692pt x 157.58296pt.
<../outputs/figures/signal_corr_BTC-USD_UUP_w30.png, id=684, 939.51pt x 361.35p
t>
File: ../outputs/figures/signal_corr_BTC-USD_UUP_w30.png Graphic file (type png
)
<use ../outputs/figures/signal_corr_BTC-USD_UUP_w30.png>
Package pdftex.def Info: ../outputs/figures/signal_corr_BTC-USD_UUP_w30.png  us
ed on input line 27.
(pdftex.def)             Requested size: 409.71692pt x 157.58296pt.
 [41

 <../outputs/figures/signal_corr_BTC-USD_^IXIC_w30.png> <../outputs/figures/sig
nal_corr_BTC-USD_GLD_w30.png> <../outputs/figures/signal_corr_BTC-USD_SLV_w30.p
ng>] [42 <../outputs/figures/signal_corr_BTC-USD_UUP_w30.png>]
<../outputs/figures/signal_corr_BTC-USD_^GSPC_w14.png, id=701, 939.51pt x 361.3
5pt>
File: ../outputs/figures/signal_corr_BTC-USD_^GSPC_w14.png Graphic file (type p
ng)
<use ../outputs/figures/signal_corr_BTC-USD_^GSPC_w14.png>
Package pdftex.def Info: ../outputs/figures/signal_corr_BTC-USD_^GSPC_w14.png  
used on input line 56.
(pdftex.def)             Requested size: 432.48051pt x 166.3388pt.
 [43 <../outputs/figures/signal_corr_BTC-USD_^GSPC_w14.png>]
<../outputs/figures/signal_corr_BTC-USD_^GSPC_w60.png, id=707, 939.51pt x 361.3
5pt>
File: ../outputs/figures/signal_corr_BTC-USD_^GSPC_w60.png Graphic file (type p
ng)
<use ../outputs/figures/signal_corr_BTC-USD_^GSPC_w60.png>
Package pdftex.def Info: ../outputs/figures/signal_corr_BTC-USD_^GSPC_w60.png  
used on input line 63.
(pdftex.def)             Requested size: 432.48051pt x 166.3388pt.
 [44 <../outputs/figures/signal_corr_BTC-USD_^GSPC_w60.png>]
<../outputs/figures/signal_corr_BTC-USD_^GSPC_w90.png, id=713, 939.51pt x 361.3
5pt>
File: ../outputs/figures/signal_corr_BTC-USD_^GSPC_w90.png Graphic file (type p
ng)
<use ../outputs/figures/signal_corr_BTC-USD_^GSPC_w90.png>
Package pdftex.def Info: ../outputs/figures/signal_corr_BTC-USD_^GSPC_w90.png  
used on input line 70.
(pdftex.def)             Requested size: 432.48051pt x 166.3388pt.
 [45 <../outputs/figures/signal_corr_BTC-USD_^GSPC_w90.png>]
<../outputs/figures/signal_corr_BTC-USD_^IXIC_w14.png, id=720, 939.51pt x 361.3
5pt>
File: ../outputs/figures/signal_corr_BTC-USD_^IXIC_w14.png Graphic file (type p
ng)
<use ../outputs/figures/signal_corr_BTC-USD_^IXIC_w14.png>
Package pdftex.def Info: ../outputs/figures/signal_corr_BTC-USD_^IXIC_w14.png  
used on input line 77.
(pdftex.def)             Requested size: 432.48051pt x 166.3388pt.
 [46 <../outputs/figures/signal_corr_BTC-USD_^IXIC_w14.png>]
<../outputs/figures/signal_corr_BTC-USD_^IXIC_w60.png, id=726, 939.51pt x 361.3
5pt>
File: ../outputs/figures/signal_corr_BTC-USD_^IXIC_w60.png Graphic file (type p
ng)
<use ../outputs/figures/signal_corr_BTC-USD_^IXIC_w60.png>
Package pdftex.def Info: ../outputs/figures/signal_corr_BTC-USD_^IXIC_w60.png  
used on input line 84.
(pdftex.def)             Requested size: 432.48051pt x 166.3388pt.
) (chapters/appendix_d_reproducibility.tex [47 <../outputs/figures/signal_corr_
BTC-USD_^IXIC_w60.png>]
Underfull \hbox (badness 2150) in paragraph at lines 34--35
[]\T1/cmtt/m/n/12 notebook_helpers.py\T1/cmr/m/n/12 : pro-vides con-sis-tent st
yling and helper rou-tines for
 []

[48






]) [49]
LaTeX Font Info:    Calculating math sizes for size <11> on input line 56.


LaTeX Font Warning: Font shape `OT1/cmr/m/n' in size <5.5> not available
(Font)              size <5> substituted on input line 56.


LaTeX Font Warning: Font shape `OML/cmm/m/it' in size <5.5> not available
(Font)              size <5> substituted on input line 56.


LaTeX Font Warning: Font shape `OMS/cmsy/m/n' in size <5.5> not available
(Font)              size <5> substituted on input line 56.


Underfull \hbox (badness 1132) in paragraph at lines 57--57
[]\T1/cmr/m/n/10.95 elektrotehnika, \T1/cmr/m/it/10.95 fin-la-tex: finthe-sis d
oku-ment klasa\T1/cmr/m/n/10.95 , 2026, []$\T1/cmtt/m/n/10.95 https : / / githu
b . com /
 []

[50

] (main.aux)
 ***********
LaTeX2e <2025-11-01>
L3 programming layer <2025-12-24>
 ***********


LaTeX Font Warning: Size substitutions with differences
(Font)              up to 1.28pt have occurred.


LaTeX Warning: Label(s) may have changed. Rerun to get cross-references right.

Package logreq Info: Writing requests to 'main.run.xml'.
\openout1 = `main.run.xml'.

 ) 
Here is how much of TeX's memory you used:
 28439 strings out of 467871
 513911 string characters out of 5428414
 1402000 words of memory out of 5000000
 56713 multiletter control sequences out of 15000+600000
 651784 words of font info for 93 fonts, out of 8000000 for 9000
 1141 hyphenation exceptions out of 8191
 95i,9n,131p,2327b,2340s stack positions out of 10000i,1000n,20000p,200000b,200000s

pdfTeX warning (dest): name{subsection.Alph4.6} has been referenced but does no
t exist, replaced by a fixed one


pdfTeX warning (dest): name{subsection.Alph4.5} has been referenced but does no
t exist, replaced by a fixed one


pdfTeX warning (dest): name{subsection.Alph4.4} has been referenced but does no
t exist, replaced by a fixed one


pdfTeX warning (dest): name{subsection.Alph4.3} has been referenced but does no
t exist, replaced by a fixed one


pdfTeX warning (dest): name{subsection.Alph4.2} has been referenced but does no
t exist, replaced by a fixed one


pdfTeX warning (dest): name{subsection.Alph4.1} has been referenced but does no
t exist, replaced by a fixed one


pdfTeX warning (dest): name{appendix.Alph4} has been referenced but does not ex
ist, replaced by a fixed one


pdfTeX warning (dest): name{subsection.Alph3.3} has been referenced but does no
t exist, replaced by a fixed one


pdfTeX warning (dest): name{subsection.Alph3.2} has been referenced but does no
t exist, replaced by a fixed one


pdfTeX warning (dest): name{subsection.Alph3.1} has been referenced but does no
t exist, replaced by a fixed one


pdfTeX warning (dest): name{appendix.Alph3} has been referenced but does not ex
ist, replaced by a fixed one


pdfTeX warning (dest): name{subsection.Alph2.5} has been referenced but does no
t exist, replaced by a fixed one


pdfTeX warning (dest): name{subsection.Alph2.4} has been referenced but does no
t exist, replaced by a fixed one


pdfTeX warning (dest): name{subsection.Alph2.3} has been referenced but does no
t exist, replaced by a fixed one


pdfTeX warning (dest): name{subsection.Alph2.2} has been referenced but does no
t exist, replaced by a fixed one


pdfTeX warning (dest): name{subsection.Alph2.1} has been referenced but does no
t exist, replaced by a fixed one


pdfTeX warning (dest): name{appendix.Alph2} has been referenced but does not ex
ist, replaced by a fixed one


pdfTeX warning (dest): name{subsection.Alph1.5} has been referenced but does no
t exist, replaced by a fixed one


pdfTeX warning (dest): name{subsection.Alph1.4} has been referenced but does no
t exist, replaced by a fixed one


pdfTeX warning (dest): name{subsection.Alph1.3} has been referenced but does no
t exist, replaced by a fixed one


pdfTeX warning (dest): name{subsection.Alph1.2} has been referenced but does no
t exist, replaced by a fixed one


pdfTeX warning (dest): name{subsection.Alph1.1} has been referenced but does no
t exist, replaced by a fixed one


pdfTeX warning (dest): name{appendix.Alph1} has been referenced but does not ex
ist, replaced by a fixed one

 <C:\Users\Mini-ITX GAMER\AppData\Local\MiKTeX\fonts/pk/ljfour/jknappen/ec/dpi6
00\ectt1095.pk> <C:\Users\Mini-ITX GAMER\AppData\Local\MiKTeX\fonts/pk/ljfour/j
knappen/ec/dpi600\ecti1095.pk> <C:\Users\Mini-ITX GAMER\AppData\Local\MiKTeX\fo
nts/pk/ljfour/jknappen/ec/dpi600\ecrm1095.pk> <C:\Users\Mini-ITX GAMER\AppData\
Local\MiKTeX\fonts/pk/ljfour/jknappen/ec/dpi600\tcrm1200.pk> <C:\Users\Mini-ITX
 GAMER\AppData\Local\MiKTeX\fonts/pk/ljfour/jknappen/ec/dpi600\ectt1200.pk> <C:
\Users\Mini-ITX GAMER\AppData\Local\MiKTeX\fonts/pk/ljfour/jknappen/ec/dpi600\e
cti1200.pk> <C:\Users\Mini-ITX GAMER\AppData\Local\MiKTeX\fonts/pk/ljfour/jknap
pen/ec/dpi600\ecbx1728.pk> <C:\Users\Mini-ITX GAMER\AppData\Local\MiKTeX\fonts/
pk/ljfour/lh/lh-t2a/dpi600\larm1200.pk> <C:\Users\Mini-ITX GAMER\AppData\Local\
MiKTeX\fonts/pk/ljfour/jknappen/ec/dpi600\ecbx1200.pk> <C:\Users\Mini-ITX GAMER
\AppData\Local\MiKTeX\fonts/pk/ljfour/jknappen/ec/dpi600\ecrm1200.pk> <C:\Users
\Mini-ITX GAMER\AppData\Local\MiKTeX\fonts/pk/ljfour/jknappen/ec/dpi600\ecbx144
0.pk> <C:\Users\Mini-ITX GAMER\AppData\Local\MiKTeX\fonts/pk/ljfour/lh/lh-t2a/d
pi600\larm1095.pk> <C:\Users\Mini-ITX GAMER\AppData\Local\MiKTeX\fonts/pk/ljfou
r/lh/lh-t2a/dpi600\labx1095.pk> <C:\Users\Mini-ITX GAMER\AppData\Local\MiKTeX\f
onts/pk/ljfour/lh/lh-t2a/dpi600\labx1200.pk> <C:\Users\Mini-ITX GAMER\AppData\L
ocal\MiKTeX\fonts/pk/ljfour/lh/lh-t2a/dpi600\labx1440.pk> <C:\Users\Mini-ITX GA
MER\AppData\Local\MiKTeX\fonts/pk/ljfour/lh/lh-t2a/dpi600\labx2488.pk> <C:\User
s\Mini-ITX GAMER\AppData\Local\MiKTeX\fonts/pk/ljfour/lh/lh-t2a/dpi600\labx1728
.pk><C:/Program Files/MiKTeX/fonts/type1/public/amsfonts/cm/cmex10.pfb><C:/Prog
ram Files/MiKTeX/fonts/type1/public/amsfonts/cm/cmmi12.pfb><C:/Program Files/Mi
KTeX/fonts/type1/public/amsfonts/cm/cmmi8.pfb><C:/Program Files/MiKTeX/fonts/ty
pe1/public/amsfonts/cm/cmr12.pfb><C:/Program Files/MiKTeX/fonts/type1/public/am
sfonts/cm/cmr8.pfb><C:/Program Files/MiKTeX/fonts/type1/public/amsfonts/cm/cmsy
10.pfb><C:/Program Files/MiKTeX/fonts/type1/public/amsfonts/cm/cmsy8.pfb>
Output written on main.pdf (54 pages, 7594436 bytes).
PDF statistics:
 1911 PDF objects out of 2073 (max. 8388607)
 226 named destinations out of 1000 (max. 500000)
 798 words of extra memory for PDF output out of 10000 (max. 10000000)

